[debug] [2017-11-26T07:02:17.662Z] ----------------------------------------------------------------------
[debug] [2017-11-26T07:02:17.662Z] Command:       C:\Program Files\nodejs\node.exe C:\Users\muajeez aafaque\AppData\Roaming\npm\node_modules\firebase-tools\bin\firebase serve
[debug] [2017-11-26T07:02:17.662Z] CLI Version:   3.15.3
[debug] [2017-11-26T07:02:17.662Z] Platform:      win32
[debug] [2017-11-26T07:02:17.662Z] Node Version:  v8.9.1
[debug] [2017-11-26T07:02:17.662Z] Time:          Sun Nov 26 2017 12:32:17 GMT+0530 (India Standard Time)
[debug] [2017-11-26T07:02:17.662Z] ----------------------------------------------------------------------
[debug] 
[debug] [2017-11-26T07:02:17.693Z] > command requires scopes: ["email","openid","https://www.googleapis.com/auth/cloudplatformprojects.readonly","https://www.googleapis.com/auth/firebase","https://www.googleapis.com/auth/cloud-platform"]
[debug] [2017-11-26T07:02:17.693Z] > authorizing via signed-in user
[debug] [2017-11-26T07:02:17.709Z] > refreshing access token with scopes: ["email","https://www.googleapis.com/auth/cloud-platform","https://www.googleapis.com/auth/cloudplatformprojects.readonly","https://www.googleapis.com/auth/firebase","openid"]
[debug] [2017-11-26T07:02:17.709Z] >>> HTTP REQUEST POST https://www.googleapis.com/oauth2/v3/token { refresh_token: '1/N1iruFhdtq8tjHbyobHPtvCiGPbFNE7cVzRH-eRNpoIcKZbA4VTbZ20cKPeRPA6T',
  client_id: '563584335869-fgrhgmd47bqnekij5i8b5pr03ho849e6.apps.googleusercontent.com',
  client_secret: 'j9iVZfS8kkCEFUPaAeJV0sAi',
  grant_type: 'refresh_token',
  scope: 'email https://www.googleapis.com/auth/cloud-platform https://www.googleapis.com/auth/cloudplatformprojects.readonly https://www.googleapis.com/auth/firebase openid' } 
 Sun Nov 26 2017 12:32:17 GMT+0530 (India Standard Time)
[debug] [2017-11-26T07:02:18.568Z] <<< HTTP RESPONSE 200
[debug] [2017-11-26T07:02:18.677Z] >>> HTTP REQUEST GET https://admin.firebase.com/v1/projects/sample-weber  
 Sun Nov 26 2017 12:32:18 GMT+0530 (India Standard Time)
[debug] [2017-11-26T07:02:21.099Z] <<< HTTP RESPONSE 200
[debug] [2017-11-26T07:02:21.099Z] >>> HTTP REQUEST GET https://admin.firebase.com/v1/database/sample-weber/tokens  
 Sun Nov 26 2017 12:32:21 GMT+0530 (India Standard Time)
[debug] [2017-11-26T07:02:23.037Z] <<< HTTP RESPONSE 200
[info] 
[info] === Serving from 'F:\Repositories'...
[info] 
[debug] [2017-11-26T07:02:23.068Z] >>> HTTP REQUEST GET https://cloudresourcemanager.googleapis.com/v1/projects/sample-weber  
 Sun Nov 26 2017 12:32:23 GMT+0530 (India Standard Time)
[debug] [2017-11-26T07:02:25.287Z] <<< HTTP RESPONSE 200
[debug] [2017-11-26T07:02:25.287Z] >>> HTTP REQUEST GET https://mobilesdk-pa.googleapis.com/v1/projects/309101703520/clients/_:getWebAppConfig  
 Sun Nov 26 2017 12:32:25 GMT+0530 (India Standard Time)
[debug] [2017-11-26T07:02:27.537Z] <<< HTTP RESPONSE 200
[info] i  hosting: Serving hosting files from: basic
[info] +  hosting: Local server: http://localhost:5000

